Java HotSpot(TM) 64-Bit Server VM warning: ignoring option PermSize=32m; support was removed in 8.0
Java HotSpot(TM) 64-Bit Server VM warning: ignoring option MaxPermSize=256m; support was removed in 8.0
2017-10-01 16:23:06.416/8.087 Oracle Coherence 12.2.1.3.0 <Info> (thread=main, member=n/a): Loaded operational configuration from "jar:file:/oraroot/u03/app/oracle/product/12.2.1.3/fmwhome_0/coherence/lib/coherence.jar!/tangosol-coherence.xml"
2017-10-01 16:23:06.638/8.309 Oracle Coherence 12.2.1.3.0 <Info> (thread=main, member=n/a): Loaded operational overrides from "jar:file:/oraroot/u03/app/oracle/product/12.2.1.3/fmwhome_0/coherence/lib/coherence.jar!/tangosol-coherence-override-dev.xml"
2017-10-01 16:23:06.640/8.311 Oracle Coherence 12.2.1.3.0 <D5> (thread=main, member=n/a): Optional configuration override "/tangosol-coherence-override.xml" is not specified
2017-10-01 16:23:06.644/8.315 Oracle Coherence 12.2.1.3.0 <D5> (thread=main, member=n/a): Optional configuration override "cache-factory-config.xml" is not specified
2017-10-01 16:23:06.646/8.317 Oracle Coherence 12.2.1.3.0 <D5> (thread=main, member=n/a): Optional configuration override "cache-factory-builder-config.xml" is not specified
2017-10-01 16:23:06.719/8.390 Oracle Coherence 12.2.1.3.0 <D5> (thread=main, member=n/a): Optional configuration override "/custom-mbeans.xml" is not specified

Oracle Coherence Version 12.2.1.3.0 Build 68243
 Grid Edition: Development mode
Copyright (c) 2000, 2017, Oracle and/or its affiliates. All rights reserved.

2017-10-01 16:23:08.574/10.244 Oracle Coherence GE 12.2.1.3.0 <Info> (thread=main, member=n/a): Created cache factory com.tangosol.net.ExtensibleConfigurableCacheFactory
2017-10-01 16:23:09.038/10.709 Oracle Coherence GE 12.2.1.3.0 <Info> (thread=main, member=n/a): The cluster name has not been configured, a value of "oracle's cluster" has been automatically generated
Oct 01, 2017 4:23:11 PM oracle.soa.scac.ValidateComposite loadWSDLs
WARNING: Validating WSDLs from WSDLManager....  with option UseSoaInfraMds:false
Oct 01, 2017 4:23:12 PM oracle.fabric.common.wsdl.SchemaManager isIncrementalBuildSupported
INFO: XMLSchema incremental build enabled.
Oct 01, 2017 4:23:16 PM oracle.bpel.services.common.ServicesLogger __logException
SEVERE: <.> 
java.lang.NullPointerException
	at oracle.bpel.services.rules.fabric.FabricUtil.addSchemaInformation(FabricUtil.java:465)
	at oracle.bpel.services.rules.fabric.ComponentModelValidator.addSchemaInformation(ComponentModelValidator.java:281)
	at oracle.bpel.services.rules.fabric.ComponentModelValidator.validate(ComponentModelValidator.java:234)
	at sun.reflect.NativeMethodAccessorImpl.invoke0(Native Method)
	at sun.reflect.NativeMethodAccessorImpl.invoke(NativeMethodAccessorImpl.java:62)
	at sun.reflect.DelegatingMethodAccessorImpl.invoke(DelegatingMethodAccessorImpl.java:43)
	at java.lang.reflect.Method.invoke(Method.java:498)
	at oracle.soa.scac.rules.DecisionComponentValidator.validate(DecisionComponentValidator.java:120)
	at oracle.soa.scac.ValidateComposite.validateComponentTypeServicesReferences(ValidateComposite.java:1177)
	at oracle.soa.scac.ValidateComposite.doValidation0(ValidateComposite.java:607)
	at oracle.soa.scac.ValidateComposite.doValidation(ValidateComposite.java:586)
	at oracle.soa.scac.ValidateComposite.run0(ValidateComposite.java:234)
	at oracle.soa.scac.ValidateComposite.run(ValidateComposite.java:215)
	at oracle.soa.scac.ValidateComposite.main(ValidateComposite.java:207)

